Using pre-set license
Built from '2021.3/staging' branch; Version is '2021.3.19f1 (c9714fde33b6) revision 13201743'; Using compiler version '192829333'; Build Type 'Release'
OS: 'Windows 11  (10.0.22621) 64bit Core' Language: 'en' Physical Memory: 15557 MB
BatchMode: 1, IsHumanControllingUs: 0, StartBugReporterOnCrash: 0, Is64bit: 1, IsPro: 1

COMMAND LINE ARGUMENTS:
C:\Program Files\Unity\Hub\Editor\2021.3.19f1\Editor\Unity.exe
-adb2
-batchMode
-noUpm
-name
AssetImportWorker2
-projectPath
C:/Users/seeke/OneDrive/Documents/GitHub/VR-Project-2
-logFile
Logs/AssetImportWorker2.log
-srvPort
51356
Successfully changed project path to: C:/Users/seeke/OneDrive/Documents/GitHub/VR-Project-2
C:/Users/seeke/OneDrive/Documents/GitHub/VR-Project-2
[UnityMemory] Configuration Parameters - Can be set up in boot.config
    "memorysetup-bucket-allocator-granularity=16"
    "memorysetup-bucket-allocator-bucket-count=8"
    "memorysetup-bucket-allocator-block-size=33554432"
    "memorysetup-bucket-allocator-block-count=8"
    "memorysetup-main-allocator-block-size=16777216"
    "memorysetup-thread-allocator-block-size=16777216"
    "memorysetup-gfx-main-allocator-block-size=16777216"
    "memorysetup-gfx-thread-allocator-block-size=16777216"
    "memorysetup-cache-allocator-block-size=4194304"
    "memorysetup-typetree-allocator-block-size=2097152"
    "memorysetup-profiler-bucket-allocator-granularity=16"
    "memorysetup-profiler-bucket-allocator-bucket-count=8"
    "memorysetup-profiler-bucket-allocator-block-size=33554432"
    "memorysetup-profiler-bucket-allocator-block-count=8"
    "memorysetup-profiler-allocator-block-size=16777216"
    "memorysetup-profiler-editor-allocator-block-size=1048576"
    "memorysetup-temp-allocator-size-main=16777216"
    "memorysetup-job-temp-allocator-block-size=2097152"
    "memorysetup-job-temp-allocator-block-size-background=1048576"
    "memorysetup-job-temp-allocator-reduction-small-platforms=262144"
    "memorysetup-temp-allocator-size-background-worker=32768"
    "memorysetup-temp-allocator-size-job-worker=262144"
    "memorysetup-temp-allocator-size-preload-manager=33554432"
    "memorysetup-temp-allocator-size-nav-mesh-worker=65536"
    "memorysetup-temp-allocator-size-audio-worker=65536"
    "memorysetup-temp-allocator-size-cloud-worker=32768"
    "memorysetup-temp-allocator-size-gi-baking-worker=262144"
    "memorysetup-temp-allocator-size-gfx=262144"
Player connection [7476] Host "[IP] 172.24.121.1 [Port] 0 [Flags] 2 [Guid] 2931911002 [EditorId] 2931911002 [Version] 1048832 [Id] WindowsEditor(7,GraceLaptop) [Debug] 1 [PackageName] WindowsEditor [ProjectName] Editor" joined multi-casting on [225.0.0.222:54997]...

Player connection [7476] Host "[IP] 172.24.121.1 [Port] 0 [Flags] 2 [Guid] 2931911002 [EditorId] 2931911002 [Version] 1048832 [Id] WindowsEditor(7,GraceLaptop) [Debug] 1 [PackageName] WindowsEditor [ProjectName] Editor" joined alternative multi-casting on [225.0.0.222:34997]...

Refreshing native plugins compatible for Editor in 78.12 ms, found 12 plugins.
Preloading 1 native plugins for Editor in 0.46 ms.
Initialize engine version: 2021.3.19f1 (c9714fde33b6)
[Subsystems] Discovering subsystems at path C:/Program Files/Unity/Hub/Editor/2021.3.19f1/Editor/Data/Resources/UnitySubsystems
[Subsystems] Discovering subsystems at path C:/Users/seeke/OneDrive/Documents/GitHub/VR-Project-2/Assets
GfxDevice: creating device client; threaded=0; jobified=0
Direct3D:
    Version:  Direct3D 11.0 [level 11.1]
    Renderer: NVIDIA GeForce RTX 3050 Ti Laptop GPU (ID=0x25e0)
    Vendor:   NVIDIA
    VRAM:     3990 MB
    Driver:   30.0.15.1298
Initialize mono
Mono path[0] = 'C:/Program Files/Unity/Hub/Editor/2021.3.19f1/Editor/Data/Managed'
Mono path[1] = 'C:/Program Files/Unity/Hub/Editor/2021.3.19f1/Editor/Data/MonoBleedingEdge/lib/mono/unityjit-win32'
Mono config path = 'C:/Program Files/Unity/Hub/Editor/2021.3.19f1/Editor/Data/MonoBleedingEdge/etc'
Using monoOptions --debugger-agent=transport=dt_socket,embedding=1,server=y,suspend=n,address=127.0.0.1:56888
Begin MonoManager ReloadAssembly
Registering precompiled unity dll's ...
Register platform support module: C:/Program Files/Unity/Hub/Editor/2021.3.19f1/Editor/Data/PlaybackEngines/WindowsStandaloneSupport/UnityEditor.WindowsStandalone.Extensions.dll
Registered in 0.003752 seconds.
Native extension for WindowsStandalone target not found
Refreshing native plugins compatible for Editor in 62.68 ms, found 12 plugins.
Preloading 1 native plugins for Editor in 0.07 ms.
Mono: successfully reloaded assembly
- Completed reload, in  0.471 seconds
Domain Reload Profiling:
	ReloadAssembly (471ms)
		BeginReloadAssembly (50ms)
			ExecutionOrderSort (0ms)
			DisableScriptedObjects (0ms)
			BackupInstance (0ms)
			ReleaseScriptingObjects (0ms)
			CreateAndSetChildDomain (1ms)
		EndReloadAssembly (335ms)
			LoadAssemblies (49ms)
			RebuildTransferFunctionScriptingTraits (0ms)
			SetupTypeCache (71ms)
			ReleaseScriptCaches (0ms)
			RebuildScriptCaches (21ms)
			SetupLoadedEditorAssemblies (204ms)
				LogAssemblyErrors (0ms)
				InitializePlatformSupportModulesInManaged (5ms)
				SetLoadedEditorAssemblies (0ms)
				RefreshPlugins (63ms)
				BeforeProcessingInitializeOnLoad (1ms)
				ProcessInitializeOnLoadAttributes (103ms)
				ProcessInitializeOnLoadMethodAttributes (32ms)
				AfterProcessingInitializeOnLoad (0ms)
				EditorAssembliesLoaded (0ms)
			ExecutionOrderSort2 (0ms)
			AwakeInstancesAfterBackupRestoration (0ms)
Platform modules already initialized, skipping
Registering precompiled user dll's ...
Registered in 0.009323 seconds.
Begin MonoManager ReloadAssembly
Symbol file LoadedFromMemory doesn't match image C:\Users\seeke\OneDrive\Documents\GitHub\VR-Project-2\Library\PackageCache\com.unity.visualscripting@1.8.0\Editor\VisualScripting.Core\Dependencies\DotNetZip\Unity.VisualScripting.IonicZip.dll
Symbol file LoadedFromMemory doesn't match image C:\Users\seeke\OneDrive\Documents\GitHub\VR-Project-2\Library\PackageCache\com.unity.visualscripting@1.8.0\Editor\VisualScripting.Core\Dependencies\YamlDotNet\Unity.VisualScripting.YamlDotNet.dll
Native extension for WindowsStandalone target not found
Refreshing native plugins compatible for Editor in 63.64 ms, found 12 plugins.
Preloading 1 native plugins for Editor in 0.07 ms.
Package Manager log level set to [2]
System.Reflection.TargetInvocationException: Exception has been thrown by the target of an invocation. ---> System.NullReferenceException: Object reference not set to an instance of an object
  at Unity.XR.Oculus.OculusLoader.AssetPathToAbsolutePath (System.String assetPath) [0x0003d] in C:\Users\seeke\OneDrive\Documents\GitHub\VR-Project-2\Library\PackageCache\com.unity.xr.oculus@3.2.2\Runtime\OculusLoader.cs:296 
  at Unity.XR.Oculus.OculusLoader.EditorLoadOVRPlugin () [0x0007b] in C:\Users\seeke\OneDrive\Documents\GitHub\VR-Project-2\Library\PackageCache\com.unity.xr.oculus@3.2.2\Runtime\OculusLoader.cs:281 
  at (wrapper managed-to-native) System.Reflection.RuntimeMethodInfo.InternalInvoke(System.Reflection.RuntimeMethodInfo,object,object[],System.Exception&)
  at System.Reflection.RuntimeMethodInfo.Invoke (System.Object obj, System.Reflection.BindingFlags invokeAttr, System.Reflection.Binder binder, System.Object[] parameters, System.Globalization.CultureInfo culture) [0x0006a] in <03bd9b261dff4c2b8b568aca27f561b2>:0 
   --- End of inner exception stack trace ---
  at System.Reflection.RuntimeMethodInfo.Invoke (System.Object obj, System.Reflection.BindingFlags invokeAttr, System.Reflection.Binder binder, System.Object[] parameters, System.Globalization.CultureInfo culture) [0x00083] in <03bd9b261dff4c2b8b568aca27f561b2>:0 
  at System.Reflection.MethodBase.Invoke (System.Object obj, System.Object[] parameters) [0x00000] in <03bd9b261dff4c2b8b568aca27f561b2>:0 
  at UnityEditor.EditorAssemblies.ProcessInitializeOnLoadMethodAttributes () [0x000a5] in <7fef092428a04dc89d2aa6ad3ce5d856>:0 
UnityEngine.StackTraceUtility:ExtractStackTrace ()
UnityEngine.DebugLogHandler:LogFormat (UnityEngine.LogType,UnityEngine.Object,string,object[])
UnityEngine.Logger:Log (UnityEngine.LogType,object)
UnityEngine.Debug:LogError (object)
UnityEditor.EditorAssemblies:ProcessInitializeOnLoadMethodAttributes ()

Mono: successfully reloaded assembly
- Completed reload, in  0.903 seconds
Domain Reload Profiling:
	ReloadAssembly (904ms)
		BeginReloadAssembly (91ms)
			ExecutionOrderSort (0ms)
			DisableScriptedObjects (7ms)
			BackupInstance (0ms)
			ReleaseScriptingObjects (0ms)
			CreateAndSetChildDomain (17ms)
		EndReloadAssembly (723ms)
			LoadAssemblies (69ms)
			RebuildTransferFunctionScriptingTraits (0ms)
			SetupTypeCache (198ms)
			ReleaseScriptCaches (1ms)
			RebuildScriptCaches (39ms)
			SetupLoadedEditorAssemblies (379ms)
				LogAssemblyErrors (0ms)
				InitializePlatformSupportModulesInManaged (4ms)
				SetLoadedEditorAssemblies (0ms)
				RefreshPlugins (64ms)
				BeforeProcessingInitializeOnLoad (67ms)
				ProcessInitializeOnLoadAttributes (218ms)
				ProcessInitializeOnLoadMethodAttributes (20ms)
				AfterProcessingInitializeOnLoad (6ms)
				EditorAssembliesLoaded (0ms)
			ExecutionOrderSort2 (0ms)
			AwakeInstancesAfterBackupRestoration (4ms)
Platform modules already initialized, skipping
========================================================================
Worker process is ready to serve import requests
Launched and connected shader compiler UnityShaderCompiler.exe after 0.04 seconds
Refreshing native plugins compatible for Editor in 0.79 ms, found 12 plugins.
Preloading 1 native plugins for Editor in 0.08 ms.
Unloading 3781 Unused Serialized files (Serialized files now loaded: 0)
Unloading 50 unused Assets / (57.1 KB). Loaded Objects now: 4221.
Memory consumption went from 134.8 MB to 134.7 MB.
Total: 2.983900 ms (FindLiveObjects: 0.308300 ms CreateObjectMapping: 0.151200 ms MarkObjects: 2.448600 ms  DeleteObjects: 0.073600 ms)

AssetImportParameters requested are different than current active one (requested -> active):
  custom:video-decoder-ogg-theora: a1e56fd34408186e4bbccfd4996cb3dc -> 
  custom:container-muxer-webm: aa71ff27fc2769a1b78a27578f13a17b -> 
  custom:container-demuxer-webm: 4f35f7cbe854078d1ac9338744f61a02 -> 
  custom:video-encoder-webm-vp8: eb34c28f22e8b96e1ab97ce403110664 -> 
  custom:video-codec-MediaFoundation-h265: 746d11721c4dcdbdad8f713fa42b33f4 -> 
  custom:audio-encoder-webm-vorbis: bf7c407c2cedff20999df2af8eb42d56 -> 
  custom:framework-win-MediaFoundation: 216162199b28c13a410421893ffa2e32 -> 
  custom:container-demuxer-ogg: 62fdf1f143b41e24485cea50d1cbac27 -> 
  custom:video-decoder-webm-vp8: 9c59270c3fd7afecdb556c50c9e8de78 -> 
  custom:audio-decoder-ogg-vorbis: bf7c407c2cedff20999df2af8eb42d56 -> 
========================================================================
Received Import Request.
  Time since last request: 245731.400248 seconds.
  path: Assets/Resources/Assets/Materials/Corner.mat
  artifactKey: Guid(bf8e3f229869008408fad8dcfb6c6c4d) Importer(815301076,1909f56bfc062723c751e8b465ee728b)
Start importing Assets/Resources/Assets/Materials/Corner.mat using Guid(bf8e3f229869008408fad8dcfb6c6c4d) Importer(815301076,1909f56bfc062723c751e8b465ee728b)  -> (artifact id: '7597d2b8af1e68f19e7a87460e21d144') in 0.101971 seconds 
========================================================================
Received Import Request.
  Time since last request: 2.638164 seconds.
  path: Assets/Resources/Assets/Materials/TextureFiles/TestLevel_Straight_Normal.png
  artifactKey: Guid(1583b2247ac83eb4d8060b9ea19af8eb) Importer(815301076,1909f56bfc062723c751e8b465ee728b)
Start importing Assets/Resources/Assets/Materials/TextureFiles/TestLevel_Straight_Normal.png using Guid(1583b2247ac83eb4d8060b9ea19af8eb) Importer(815301076,1909f56bfc062723c751e8b465ee728b)  -> (artifact id: 'cbd4de797ef11660063d63a511825bc7') in 0.027591 seconds 
========================================================================
Received Import Request.
  Time since last request: 8.965001 seconds.
  path: Assets/Resources/Assets/Materials/TextureFiles/TestLevel_Coorner_BaseColor.png
  artifactKey: Guid(c42355a32ba45374e8e72dfa7b46c8b1) Importer(815301076,1909f56bfc062723c751e8b465ee728b)
Start importing Assets/Resources/Assets/Materials/TextureFiles/TestLevel_Coorner_BaseColor.png using Guid(c42355a32ba45374e8e72dfa7b46c8b1) Importer(815301076,1909f56bfc062723c751e8b465ee728b)  -> (artifact id: '96cf427f7000097909034ef3039f5ed3') in 0.031575 seconds 
========================================================================
Received Import Request.
  Time since last request: 27.373998 seconds.
  path: Assets/Resources/Assets/Materials/Room1.mat
  artifactKey: Guid(7d04ff0a7ced9794cb253de09e1b7589) Importer(815301076,1909f56bfc062723c751e8b465ee728b)
Start importing Assets/Resources/Assets/Materials/Room1.mat using Guid(7d04ff0a7ced9794cb253de09e1b7589) Importer(815301076,1909f56bfc062723c751e8b465ee728b)  -> (artifact id: '30f5398cb9b630d56a5b7605ca46f96d') in 0.015628 seconds 
========================================================================
Received Import Request.
  Time since last request: 4.178942 seconds.
  path: Assets/Resources/Assets/Materials/Room2.mat
  artifactKey: Guid(72ea06f198e1c714ea9b3ad79442f71e) Importer(815301076,1909f56bfc062723c751e8b465ee728b)
Start importing Assets/Resources/Assets/Materials/Room2.mat using Guid(72ea06f198e1c714ea9b3ad79442f71e) Importer(815301076,1909f56bfc062723c751e8b465ee728b)  -> (artifact id: 'c9311215170f208362f52449ae2a3e8d') in 0.015985 seconds 
========================================================================
Received Import Request.
  Time since last request: 17.475724 seconds.
  path: Assets/Resources/Assets/Materials/TextureFiles/TestLevel_Room1_BaseColor.png
  artifactKey: Guid(c49663a8b0c4f974b804b083f1a02c3d) Importer(815301076,1909f56bfc062723c751e8b465ee728b)
Start importing Assets/Resources/Assets/Materials/TextureFiles/TestLevel_Room1_BaseColor.png using Guid(c49663a8b0c4f974b804b083f1a02c3d) Importer(815301076,1909f56bfc062723c751e8b465ee728b)  -> (artifact id: '2a8c5434d6a8a1c5bd7ec4d9f5294626') in 0.146368 seconds 
========================================================================
Received Import Request.
  Time since last request: 0.000015 seconds.
  path: Assets/Resources/Assets/Materials/TextureFiles/TestLevel_Room2_Normal.png
  artifactKey: Guid(e437d338d69ae764ca4867dbab7d6fb5) Importer(815301076,1909f56bfc062723c751e8b465ee728b)
Start importing Assets/Resources/Assets/Materials/TextureFiles/TestLevel_Room2_Normal.png using Guid(e437d338d69ae764ca4867dbab7d6fb5) Importer(815301076,1909f56bfc062723c751e8b465ee728b)  -> (artifact id: 'f523172f457075a75dd306575aca9d64') in 0.093313 seconds 
========================================================================
Received Import Request.
  Time since last request: 0.000022 seconds.
  path: Assets/Resources/Assets/Materials/TextureFiles/TestLevel_Room2_BaseColor.png
  artifactKey: Guid(952e7f33ed1003c42a07d2f5b1fd5d13) Importer(815301076,1909f56bfc062723c751e8b465ee728b)
Start importing Assets/Resources/Assets/Materials/TextureFiles/TestLevel_Room2_BaseColor.png using Guid(952e7f33ed1003c42a07d2f5b1fd5d13) Importer(815301076,1909f56bfc062723c751e8b465ee728b)  -> (artifact id: '5fee9b63014d85fb0f97f434fedcc64f') in 0.013298 seconds 
========================================================================
Received Import Request.
  Time since last request: 23.439337 seconds.
  path: Assets/Resources/Assets/Materials/TextureFiles/TestLevel_Room2_Normal.png
  artifactKey: Guid(e437d338d69ae764ca4867dbab7d6fb5) Importer(815301076,1909f56bfc062723c751e8b465ee728b)
Start importing Assets/Resources/Assets/Materials/TextureFiles/TestLevel_Room2_Normal.png using Guid(e437d338d69ae764ca4867dbab7d6fb5) Importer(815301076,1909f56bfc062723c751e8b465ee728b)  -> (artifact id: '150f69e3cadfbfedff9570c5fdd063da') in 0.013038 seconds 
========================================================================
Received Import Request.
  Time since last request: 98.275022 seconds.
  path: Assets/Resources/Assets/Materials/Corner.mat
  artifactKey: Guid(bf8e3f229869008408fad8dcfb6c6c4d) Importer(815301076,1909f56bfc062723c751e8b465ee728b)
Start importing Assets/Resources/Assets/Materials/Corner.mat using Guid(bf8e3f229869008408fad8dcfb6c6c4d) Importer(815301076,1909f56bfc062723c751e8b465ee728b)  -> (artifact id: 'f42d461c141281d14fa73fbfbf09962d') in 0.016148 seconds 
========================================================================
Received Import Request.
  Time since last request: 0.000026 seconds.
  path: Assets/Resources/Assets/Materials/WallBack.mat
  artifactKey: Guid(80fdb35baa9fc9646bd1f06a29cbde11) Importer(815301076,1909f56bfc062723c751e8b465ee728b)
Start importing Assets/Resources/Assets/Materials/WallBack.mat using Guid(80fdb35baa9fc9646bd1f06a29cbde11) Importer(815301076,1909f56bfc062723c751e8b465ee728b)  -> (artifact id: '7ab0f51a161ea849bcd7ea7ae4fb46d0') in 0.022648 seconds 
========================================================================
Received Import Request.
  Time since last request: 0.000017 seconds.
  path: Assets/Resources/Assets/Materials/Room2.mat
  artifactKey: Guid(72ea06f198e1c714ea9b3ad79442f71e) Importer(815301076,1909f56bfc062723c751e8b465ee728b)
Start importing Assets/Resources/Assets/Materials/Room2.mat using Guid(72ea06f198e1c714ea9b3ad79442f71e) Importer(815301076,1909f56bfc062723c751e8b465ee728b)  -> (artifact id: '2af040e31c9a8518d797b0be97c2fb8f') in 0.015595 seconds 
========================================================================
Received Import Request.
  Time since last request: 0.000015 seconds.
  path: Assets/Resources/Assets/Materials/Straight.mat
  artifactKey: Guid(c314b3c6477e8df4ab010ebaa589ed9e) Importer(815301076,1909f56bfc062723c751e8b465ee728b)
Start importing Assets/Resources/Assets/Materials/Straight.mat using Guid(c314b3c6477e8df4ab010ebaa589ed9e) Importer(815301076,1909f56bfc062723c751e8b465ee728b)  -> (artifact id: 'a4e7708091907a457d03ef242095867b') in 0.015973 seconds 
Editor requested this worker to shutdown with reason: Scaling down because of idle timeout
AssetImportWorker is now disconnected from the server
Process exiting
Exiting without the bug reporter. Application will terminate with return code 0